0 verbose cli C:\Program Files\nodejs\node.exe C:\Program Files\nodejs\node_modules\npm\bin\npm-cli.js
1 info using npm@11.6.2
2 info using node@v24.12.0
3 silly config load:file:C:\Program Files\nodejs\node_modules\npm\npmrc
4 silly config load:file:C:\Users\noisy\OneDrive\Desktop\Git-App\VroidAI\.npmrc
5 silly config load:file:C:\Users\noisy\.npmrc
6 silly config load:file:C:\Users\noisy\AppData\Roaming\npm\etc\npmrc
7 verbose title npm exec esbuild --version
8 verbose argv "exec" "--yes" "--cache" ".npm-cache" "--" "esbuild" "--version"
9 verbose logfile logs-max:10 dir:C:\Users\noisy\OneDrive\Desktop\Git-App\VroidAI\.npm-cache\_logs\2026-03-12T12_46_45_106Z-
10 verbose logfile C:\Users\noisy\OneDrive\Desktop\Git-App\VroidAI\.npm-cache\_logs\2026-03-12T12_46_45_106Z-debug-0.log
11 silly logfile done cleaning log files
12 silly packumentCache heap:4496293888 maxSize:1124073472 maxEntrySize:562036736
13 http fetch GET 200 https://registry.npmjs.org/esbuild 158ms (cache revalidated)
14 silly packumentCache heap:4496293888 maxSize:1124073472 maxEntrySize:562036736
15 verbose Could not read global path C:\Users\noisy\AppData\Roaming\npm, ignoring
16 silly packumentCache heap:4496293888 maxSize:1124073472 maxEntrySize:562036736
17 silly idealTree buildDeps
18 silly fetch manifest esbuild@0.27.3
19 silly packumentCache full:https://registry.npmjs.org/esbuild cache-miss
20 http cache https://registry.npmjs.org/esbuild 6ms (cache hit)
21 silly packumentCache full:https://registry.npmjs.org/esbuild set size:1242223 disposed:false
22 silly placeDep ROOT esbuild@0.27.3 OK for:  want: 0.27.3
23 silly fetch manifest @esbuild/aix-ppc64@0.27.3
24 silly packumentCache full:https://registry.npmjs.org/@esbuild%2faix-ppc64 cache-miss
25 silly fetch manifest @esbuild/android-arm@0.27.3
26 silly packumentCache full:https://registry.npmjs.org/@esbuild%2fandroid-arm cache-miss
27 silly fetch manifest @esbuild/android-arm64@0.27.3
28 silly packumentCache full:https://registry.npmjs.org/@esbuild%2fandroid-arm64 cache-miss
29 silly fetch manifest @esbuild/android-x64@0.27.3
30 silly packumentCache full:https://registry.npmjs.org/@esbuild%2fandroid-x64 cache-miss
31 silly fetch manifest @esbuild/darwin-arm64@0.27.3
32 silly packumentCache full:https://registry.npmjs.org/@esbuild%2fdarwin-arm64 cache-miss
33 silly fetch manifest @esbuild/darwin-x64@0.27.3
34 silly packumentCache full:https://registry.npmjs.org/@esbuild%2fdarwin-x64 cache-miss
35 silly fetch manifest @esbuild/freebsd-arm64@0.27.3
36 silly packumentCache full:https://registry.npmjs.org/@esbuild%2ffreebsd-arm64 cache-miss
37 silly fetch manifest @esbuild/freebsd-x64@0.27.3
38 silly packumentCache full:https://registry.npmjs.org/@esbuild%2ffreebsd-x64 cache-miss
39 silly fetch manifest @esbuild/linux-arm@0.27.3
40 silly packumentCache full:https://registry.npmjs.org/@esbuild%2flinux-arm cache-miss
41 silly fetch manifest @esbuild/linux-arm64@0.27.3
42 silly packumentCache full:https://registry.npmjs.org/@esbuild%2flinux-arm64 cache-miss
43 silly fetch manifest @esbuild/linux-ia32@0.27.3
44 silly packumentCache full:https://registry.npmjs.org/@esbuild%2flinux-ia32 cache-miss
45 silly fetch manifest @esbuild/linux-loong64@0.27.3
46 silly packumentCache full:https://registry.npmjs.org/@esbuild%2flinux-loong64 cache-miss
47 silly fetch manifest @esbuild/linux-mips64el@0.27.3
48 silly packumentCache full:https://registry.npmjs.org/@esbuild%2flinux-mips64el cache-miss
49 silly fetch manifest @esbuild/linux-ppc64@0.27.3
50 silly packumentCache full:https://registry.npmjs.org/@esbuild%2flinux-ppc64 cache-miss
51 silly fetch manifest @esbuild/linux-riscv64@0.27.3
52 silly packumentCache full:https://registry.npmjs.org/@esbuild%2flinux-riscv64 cache-miss
53 http cache https://registry.npmjs.org/@esbuild%2fandroid-arm 18ms (cache hit)
54 silly packumentCache full:https://registry.npmjs.org/@esbuild%2fandroid-arm set size:213504 disposed:false
55 silly fetch manifest @esbuild/linux-s390x@0.27.3
56 silly packumentCache full:https://registry.npmjs.org/@esbuild%2flinux-s390x cache-miss
57 http cache https://registry.npmjs.org/@esbuild%2faix-ppc64 22ms (cache hit)
58 silly packumentCache full:https://registry.npmjs.org/@esbuild%2faix-ppc64 set size:56029 disposed:false
59 silly fetch manifest @esbuild/linux-x64@0.27.3
60 silly packumentCache full:https://registry.npmjs.org/@esbuild%2flinux-x64 cache-miss
61 http cache https://registry.npmjs.org/@esbuild%2fandroid-arm64 22ms (cache hit)
62 silly packumentCache full:https://registry.npmjs.org/@esbuild%2fandroid-arm64 set size:192279 disposed:false
63 silly fetch manifest @esbuild/netbsd-arm64@0.27.3
64 silly packumentCache full:https://registry.npmjs.org/@esbuild%2fnetbsd-arm64 cache-miss
65 http cache https://registry.npmjs.org/@esbuild%2fandroid-x64 24ms (cache hit)
66 silly packumentCache full:https://registry.npmjs.org/@esbuild%2fandroid-x64 set size:187307 disposed:false
67 silly fetch manifest @esbuild/netbsd-x64@0.27.3
68 silly packumentCache full:https://registry.npmjs.org/@esbuild%2fnetbsd-x64 cache-miss
69 http cache https://registry.npmjs.org/@esbuild%2fdarwin-arm64 24ms (cache hit)
70 silly packumentCache full:https://registry.npmjs.org/@esbuild%2fdarwin-arm64 set size:189596 disposed:false
71 silly fetch manifest @esbuild/openbsd-arm64@0.27.3
72 silly packumentCache full:https://registry.npmjs.org/@esbuild%2fopenbsd-arm64 cache-miss
73 http cache https://registry.npmjs.org/@esbuild%2fdarwin-x64 26ms (cache hit)
74 silly packumentCache full:https://registry.npmjs.org/@esbuild%2fdarwin-x64 set size:187924 disposed:false
75 silly fetch manifest @esbuild/openbsd-x64@0.27.3
76 silly packumentCache full:https://registry.npmjs.org/@esbuild%2fopenbsd-x64 cache-miss
77 http cache https://registry.npmjs.org/@esbuild%2flinux-loong64 26ms (cache hit)
78 silly packumentCache full:https://registry.npmjs.org/@esbuild%2flinux-loong64 set size:243782 disposed:false
79 silly fetch manifest @esbuild/openharmony-arm64@0.27.3
80 silly packumentCache full:https://registry.npmjs.org/@esbuild%2fopenharmony-arm64 cache-miss
81 http cache https://registry.npmjs.org/@esbuild%2ffreebsd-arm64 30ms (cache hit)
82 silly packumentCache full:https://registry.npmjs.org/@esbuild%2ffreebsd-arm64 set size:190447 disposed:false
83 silly fetch manifest @esbuild/sunos-x64@0.27.3
84 silly packumentCache full:https://registry.npmjs.org/@esbuild%2fsunos-x64 cache-miss
85 http cache https://registry.npmjs.org/@esbuild%2flinux-arm 30ms (cache hit)
86 silly packumentCache full:https://registry.npmjs.org/@esbuild%2flinux-arm set size:186917 disposed:false
87 silly fetch manifest @esbuild/win32-arm64@0.27.3
88 silly packumentCache full:https://registry.npmjs.org/@esbuild%2fwin32-arm64 cache-miss
89 http cache https://registry.npmjs.org/@esbuild%2ffreebsd-x64 32ms (cache hit)
90 silly packumentCache full:https://registry.npmjs.org/@esbuild%2ffreebsd-x64 set size:188756 disposed:false
91 silly fetch manifest @esbuild/win32-ia32@0.27.3
92 silly packumentCache full:https://registry.npmjs.org/@esbuild%2fwin32-ia32 cache-miss
93 http cache https://registry.npmjs.org/@esbuild%2flinux-arm64 34ms (cache hit)
94 silly packumentCache full:https://registry.npmjs.org/@esbuild%2flinux-arm64 set size:188948 disposed:false
95 silly fetch manifest @esbuild/win32-x64@0.27.3
96 silly packumentCache full:https://registry.npmjs.org/@esbuild%2fwin32-x64 cache-miss
97 http cache https://registry.npmjs.org/@esbuild%2flinux-ia32 35ms (cache hit)
98 silly packumentCache full:https://registry.npmjs.org/@esbuild%2flinux-ia32 set size:187877 disposed:false
99 http cache https://registry.npmjs.org/@esbuild%2flinux-mips64el 37ms (cache hit)
100 silly packumentCache full:https://registry.npmjs.org/@esbuild%2flinux-mips64el set size:192558 disposed:false
101 http cache https://registry.npmjs.org/@esbuild%2flinux-ppc64 39ms (cache hit)
102 silly packumentCache full:https://registry.npmjs.org/@esbuild%2flinux-ppc64 set size:190895 disposed:false
103 http cache https://registry.npmjs.org/@esbuild%2flinux-riscv64 40ms (cache hit)
104 silly packumentCache full:https://registry.npmjs.org/@esbuild%2flinux-riscv64 set size:190569 disposed:false
105 http cache https://registry.npmjs.org/@esbuild%2flinux-s390x 32ms (cache hit)
106 silly packumentCache full:https://registry.npmjs.org/@esbuild%2flinux-s390x set size:190391 disposed:false
107 http cache https://registry.npmjs.org/@esbuild%2fnetbsd-arm64 31ms (cache hit)
108 silly packumentCache full:https://registry.npmjs.org/@esbuild%2fnetbsd-arm64 set size:32428 disposed:false
109 http cache https://registry.npmjs.org/@esbuild%2flinux-x64 33ms (cache hit)
110 silly packumentCache full:https://registry.npmjs.org/@esbuild%2flinux-x64 set size:187244 disposed:false
111 http cache https://registry.npmjs.org/@esbuild%2fnetbsd-x64 31ms (cache hit)
112 silly packumentCache full:https://registry.npmjs.org/@esbuild%2fnetbsd-x64 set size:185730 disposed:false
113 http cache https://registry.npmjs.org/@esbuild%2fopenbsd-arm64 31ms (cache hit)
114 silly packumentCache full:https://registry.npmjs.org/@esbuild%2fopenbsd-arm64 set size:37704 disposed:false
115 http cache https://registry.npmjs.org/@esbuild%2fopenbsd-x64 30ms (cache hit)
116 silly packumentCache full:https://registry.npmjs.org/@esbuild%2fopenbsd-x64 set size:188762 disposed:false
117 http cache https://registry.npmjs.org/@esbuild%2fopenharmony-arm64 30ms (cache hit)
118 silly packumentCache full:https://registry.npmjs.org/@esbuild%2fopenharmony-arm64 set size:21007 disposed:false
119 http cache https://registry.npmjs.org/@esbuild%2fsunos-x64 29ms (cache hit)
120 silly packumentCache full:https://registry.npmjs.org/@esbuild%2fsunos-x64 set size:187474 disposed:false
121 http cache https://registry.npmjs.org/@esbuild%2fwin32-arm64 29ms (cache hit)
122 silly packumentCache full:https://registry.npmjs.org/@esbuild%2fwin32-arm64 set size:189169 disposed:false
123 http cache https://registry.npmjs.org/@esbuild%2fwin32-ia32 28ms (cache hit)
124 silly packumentCache full:https://registry.npmjs.org/@esbuild%2fwin32-ia32 set size:188094 disposed:false
125 http cache https://registry.npmjs.org/@esbuild%2fwin32-x64 27ms (cache hit)
126 silly packumentCache full:https://registry.npmjs.org/@esbuild%2fwin32-x64 set size:187476 disposed:false
127 silly placeDep ROOT @esbuild/aix-ppc64@0.27.3 OK for: esbuild@0.27.3 want: 0.27.3
128 silly placeDep ROOT @esbuild/android-arm@0.27.3 OK for: esbuild@0.27.3 want: 0.27.3
129 silly placeDep ROOT @esbuild/android-arm64@0.27.3 OK for: esbuild@0.27.3 want: 0.27.3
130 silly placeDep ROOT @esbuild/android-x64@0.27.3 OK for: esbuild@0.27.3 want: 0.27.3
131 silly placeDep ROOT @esbuild/darwin-arm64@0.27.3 OK for: esbuild@0.27.3 want: 0.27.3
132 silly placeDep ROOT @esbuild/darwin-x64@0.27.3 OK for: esbuild@0.27.3 want: 0.27.3
133 silly placeDep ROOT @esbuild/freebsd-arm64@0.27.3 OK for: esbuild@0.27.3 want: 0.27.3
134 silly placeDep ROOT @esbuild/freebsd-x64@0.27.3 OK for: esbuild@0.27.3 want: 0.27.3
135 silly placeDep ROOT @esbuild/linux-arm@0.27.3 OK for: esbuild@0.27.3 want: 0.27.3
136 silly placeDep ROOT @esbuild/linux-arm64@0.27.3 OK for: esbuild@0.27.3 want: 0.27.3
137 silly placeDep ROOT @esbuild/linux-ia32@0.27.3 OK for: esbuild@0.27.3 want: 0.27.3
138 silly placeDep ROOT @esbuild/linux-loong64@0.27.3 OK for: esbuild@0.27.3 want: 0.27.3
139 silly placeDep ROOT @esbuild/linux-mips64el@0.27.3 OK for: esbuild@0.27.3 want: 0.27.3
140 silly placeDep ROOT @esbuild/linux-ppc64@0.27.3 OK for: esbuild@0.27.3 want: 0.27.3
141 silly placeDep ROOT @esbuild/linux-riscv64@0.27.3 OK for: esbuild@0.27.3 want: 0.27.3
142 silly placeDep ROOT @esbuild/linux-s390x@0.27.3 OK for: esbuild@0.27.3 want: 0.27.3
143 silly placeDep ROOT @esbuild/linux-x64@0.27.3 OK for: esbuild@0.27.3 want: 0.27.3
144 silly placeDep ROOT @esbuild/netbsd-arm64@0.27.3 OK for: esbuild@0.27.3 want: 0.27.3
145 silly placeDep ROOT @esbuild/netbsd-x64@0.27.3 OK for: esbuild@0.27.3 want: 0.27.3
146 silly placeDep ROOT @esbuild/openbsd-arm64@0.27.3 OK for: esbuild@0.27.3 want: 0.27.3
147 silly placeDep ROOT @esbuild/openbsd-x64@0.27.3 OK for: esbuild@0.27.3 want: 0.27.3
148 silly placeDep ROOT @esbuild/openharmony-arm64@0.27.3 OK for: esbuild@0.27.3 want: 0.27.3
149 silly placeDep ROOT @esbuild/sunos-x64@0.27.3 OK for: esbuild@0.27.3 want: 0.27.3
150 silly placeDep ROOT @esbuild/win32-arm64@0.27.3 OK for: esbuild@0.27.3 want: 0.27.3
151 silly placeDep ROOT @esbuild/win32-ia32@0.27.3 OK for: esbuild@0.27.3 want: 0.27.3
152 silly placeDep ROOT @esbuild/win32-x64@0.27.3 OK for: esbuild@0.27.3 want: 0.27.3
153 silly reify moves {}
154 silly audit bulk request {
154 silly audit   esbuild: [ '0.27.3' ],
154 silly audit   '@esbuild/aix-ppc64': [ '0.27.3' ],
154 silly audit   '@esbuild/android-arm': [ '0.27.3' ],
154 silly audit   '@esbuild/android-arm64': [ '0.27.3' ],
154 silly audit   '@esbuild/android-x64': [ '0.27.3' ],
154 silly audit   '@esbuild/darwin-arm64': [ '0.27.3' ],
154 silly audit   '@esbuild/darwin-x64': [ '0.27.3' ],
154 silly audit   '@esbuild/freebsd-arm64': [ '0.27.3' ],
154 silly audit   '@esbuild/freebsd-x64': [ '0.27.3' ],
154 silly audit   '@esbuild/linux-arm': [ '0.27.3' ],
154 silly audit   '@esbuild/linux-arm64': [ '0.27.3' ],
154 silly audit   '@esbuild/linux-ia32': [ '0.27.3' ],
154 silly audit   '@esbuild/linux-loong64': [ '0.27.3' ],
154 silly audit   '@esbuild/linux-mips64el': [ '0.27.3' ],
154 silly audit   '@esbuild/linux-ppc64': [ '0.27.3' ],
154 silly audit   '@esbuild/linux-riscv64': [ '0.27.3' ],
154 silly audit   '@esbuild/linux-s390x': [ '0.27.3' ],
154 silly audit   '@esbuild/linux-x64': [ '0.27.3' ],
154 silly audit   '@esbuild/netbsd-arm64': [ '0.27.3' ],
154 silly audit   '@esbuild/netbsd-x64': [ '0.27.3' ],
154 silly audit   '@esbuild/openbsd-arm64': [ '0.27.3' ],
154 silly audit   '@esbuild/openbsd-x64': [ '0.27.3' ],
154 silly audit   '@esbuild/openharmony-arm64': [ '0.27.3' ],
154 silly audit   '@esbuild/sunos-x64': [ '0.27.3' ],
154 silly audit   '@esbuild/win32-arm64': [ '0.27.3' ],
154 silly audit   '@esbuild/win32-ia32': [ '0.27.3' ],
154 silly audit   '@esbuild/win32-x64': [ '0.27.3' ]
154 silly audit }
155 http cache esbuild@https://registry.npmjs.org/esbuild/-/esbuild-0.27.3.tgz 0ms (cache hit)
156 http cache @esbuild/win32-x64@https://registry.npmjs.org/@esbuild/win32-x64/-/win32-x64-0.27.3.tgz 0ms (cache hit)
157 info run esbuild@0.27.3 postinstall node_modules/esbuild node install.js
158 http fetch POST 200 https://registry.npmjs.org/-/npm/v1/security/advisories/bulk 171ms
159 silly audit report {}
160 info run esbuild@0.27.3 postinstall { code: 0, signal: null }
161 verbose cwd C:\Users\noisy\OneDrive\Desktop\Git-App\VroidAI
162 verbose os Windows_NT 10.0.26200
163 verbose node v24.12.0
164 verbose npm  v11.6.2
165 verbose exit 0
166 info ok
