0 verbose cli C:\Program Files\nodejs\node.exe C:\Program Files\nodejs\node_modules\npm\bin\npm-cli.js
1 info using npm@11.6.2
2 info using node@v24.12.0
3 silly config load:file:C:\Program Files\nodejs\node_modules\npm\npmrc
4 silly config load:file:C:\Users\noisy\OneDrive\Desktop\Git-App\VroidAI\.npmrc
5 silly config load:file:C:\Users\noisy\.npmrc
6 silly config load:file:C:\Users\noisy\AppData\Roaming\npm\etc\npmrc
7 verbose title npm exec esbuild --version
8 verbose argv "exec" "--yes" "--cache" ".npm-cache" "--" "esbuild" "--version"
9 verbose logfile logs-max:10 dir:C:\Users\noisy\OneDrive\Desktop\Git-App\VroidAI\.npm-cache\_logs\2026-03-12T12_46_01_378Z-
10 verbose logfile C:\Users\noisy\OneDrive\Desktop\Git-App\VroidAI\.npm-cache\_logs\2026-03-12T12_46_01_378Z-debug-0.log
11 silly logfile done cleaning log files
12 silly packumentCache heap:4496293888 maxSize:1124073472 maxEntrySize:562036736
13 http fetch GET 200 https://registry.npmjs.org/esbuild 179ms (cache miss)
14 silly packumentCache heap:4496293888 maxSize:1124073472 maxEntrySize:562036736
15 verbose Could not read global path C:\Users\noisy\AppData\Roaming\npm, ignoring
16 silly packumentCache heap:4496293888 maxSize:1124073472 maxEntrySize:562036736
17 silly idealTree buildDeps
18 silly fetch manifest esbuild@0.27.3
19 silly packumentCache full:https://registry.npmjs.org/esbuild cache-miss
20 http fetch GET 200 https://registry.npmjs.org/esbuild 60ms (cache miss)
21 silly packumentCache full:https://registry.npmjs.org/esbuild set size:undefined disposed:false
22 silly placeDep ROOT esbuild@0.27.3 OK for:  want: 0.27.3
23 silly fetch manifest @esbuild/aix-ppc64@0.27.3
24 silly packumentCache full:https://registry.npmjs.org/@esbuild%2faix-ppc64 cache-miss
25 silly fetch manifest @esbuild/android-arm@0.27.3
26 silly packumentCache full:https://registry.npmjs.org/@esbuild%2fandroid-arm cache-miss
27 silly fetch manifest @esbuild/android-arm64@0.27.3
28 silly packumentCache full:https://registry.npmjs.org/@esbuild%2fandroid-arm64 cache-miss
29 silly fetch manifest @esbuild/android-x64@0.27.3
30 silly packumentCache full:https://registry.npmjs.org/@esbuild%2fandroid-x64 cache-miss
31 silly fetch manifest @esbuild/darwin-arm64@0.27.3
32 silly packumentCache full:https://registry.npmjs.org/@esbuild%2fdarwin-arm64 cache-miss
33 silly fetch manifest @esbuild/darwin-x64@0.27.3
34 silly packumentCache full:https://registry.npmjs.org/@esbuild%2fdarwin-x64 cache-miss
35 silly fetch manifest @esbuild/freebsd-arm64@0.27.3
36 silly packumentCache full:https://registry.npmjs.org/@esbuild%2ffreebsd-arm64 cache-miss
37 silly fetch manifest @esbuild/freebsd-x64@0.27.3
38 silly packumentCache full:https://registry.npmjs.org/@esbuild%2ffreebsd-x64 cache-miss
39 silly fetch manifest @esbuild/linux-arm@0.27.3
40 silly packumentCache full:https://registry.npmjs.org/@esbuild%2flinux-arm cache-miss
41 silly fetch manifest @esbuild/linux-arm64@0.27.3
42 silly packumentCache full:https://registry.npmjs.org/@esbuild%2flinux-arm64 cache-miss
43 silly fetch manifest @esbuild/linux-ia32@0.27.3
44 silly packumentCache full:https://registry.npmjs.org/@esbuild%2flinux-ia32 cache-miss
45 silly fetch manifest @esbuild/linux-loong64@0.27.3
46 silly packumentCache full:https://registry.npmjs.org/@esbuild%2flinux-loong64 cache-miss
47 silly fetch manifest @esbuild/linux-mips64el@0.27.3
48 silly packumentCache full:https://registry.npmjs.org/@esbuild%2flinux-mips64el cache-miss
49 silly fetch manifest @esbuild/linux-ppc64@0.27.3
50 silly packumentCache full:https://registry.npmjs.org/@esbuild%2flinux-ppc64 cache-miss
51 silly fetch manifest @esbuild/linux-riscv64@0.27.3
52 silly packumentCache full:https://registry.npmjs.org/@esbuild%2flinux-riscv64 cache-miss
53 http fetch GET 200 https://registry.npmjs.org/@esbuild%2faix-ppc64 75ms (cache miss)
54 silly packumentCache full:https://registry.npmjs.org/@esbuild%2faix-ppc64 set size:undefined disposed:false
55 silly fetch manifest @esbuild/linux-s390x@0.27.3
56 silly packumentCache full:https://registry.npmjs.org/@esbuild%2flinux-s390x cache-miss
57 http fetch GET 200 https://registry.npmjs.org/@esbuild%2fandroid-arm64 122ms (cache miss)
58 silly packumentCache full:https://registry.npmjs.org/@esbuild%2fandroid-arm64 set size:undefined disposed:false
59 silly fetch manifest @esbuild/linux-x64@0.27.3
60 silly packumentCache full:https://registry.npmjs.org/@esbuild%2flinux-x64 cache-miss
61 http fetch GET 200 https://registry.npmjs.org/@esbuild%2flinux-s390x 95ms (cache miss)
62 silly packumentCache full:https://registry.npmjs.org/@esbuild%2flinux-s390x set size:undefined disposed:false
63 silly fetch manifest @esbuild/netbsd-arm64@0.27.3
64 silly packumentCache full:https://registry.npmjs.org/@esbuild%2fnetbsd-arm64 cache-miss
65 http fetch GET 200 https://registry.npmjs.org/@esbuild%2fandroid-arm 173ms (cache miss)
66 silly packumentCache full:https://registry.npmjs.org/@esbuild%2fandroid-arm set size:undefined disposed:false
67 silly fetch manifest @esbuild/netbsd-x64@0.27.3
68 silly packumentCache full:https://registry.npmjs.org/@esbuild%2fnetbsd-x64 cache-miss
69 http fetch GET 200 https://registry.npmjs.org/@esbuild%2fandroid-x64 185ms (cache miss)
70 silly packumentCache full:https://registry.npmjs.org/@esbuild%2fandroid-x64 set size:undefined disposed:false
71 silly fetch manifest @esbuild/openbsd-arm64@0.27.3
72 silly packumentCache full:https://registry.npmjs.org/@esbuild%2fopenbsd-arm64 cache-miss
73 http fetch GET 200 https://registry.npmjs.org/@esbuild%2flinux-ppc64 189ms (cache miss)
74 silly packumentCache full:https://registry.npmjs.org/@esbuild%2flinux-ppc64 set size:undefined disposed:false
75 silly fetch manifest @esbuild/openbsd-x64@0.27.3
76 silly packumentCache full:https://registry.npmjs.org/@esbuild%2fopenbsd-x64 cache-miss
77 http fetch GET 200 https://registry.npmjs.org/@esbuild%2flinux-ia32 191ms (cache miss)
78 silly packumentCache full:https://registry.npmjs.org/@esbuild%2flinux-ia32 set size:undefined disposed:false
79 silly fetch manifest @esbuild/openharmony-arm64@0.27.3
80 silly packumentCache full:https://registry.npmjs.org/@esbuild%2fopenharmony-arm64 cache-miss
81 http fetch GET 200 https://registry.npmjs.org/@esbuild%2flinux-riscv64 195ms (cache miss)
82 silly packumentCache full:https://registry.npmjs.org/@esbuild%2flinux-riscv64 set size:undefined disposed:false
83 silly fetch manifest @esbuild/sunos-x64@0.27.3
84 silly packumentCache full:https://registry.npmjs.org/@esbuild%2fsunos-x64 cache-miss
85 http fetch GET 200 https://registry.npmjs.org/@esbuild%2flinux-mips64el 197ms (cache miss)
86 silly packumentCache full:https://registry.npmjs.org/@esbuild%2flinux-mips64el set size:undefined disposed:false
87 silly fetch manifest @esbuild/win32-arm64@0.27.3
88 silly packumentCache full:https://registry.npmjs.org/@esbuild%2fwin32-arm64 cache-miss
89 http fetch GET 200 https://registry.npmjs.org/@esbuild%2fdarwin-x64 200ms (cache miss)
90 silly packumentCache full:https://registry.npmjs.org/@esbuild%2fdarwin-x64 set size:undefined disposed:false
91 silly fetch manifest @esbuild/win32-ia32@0.27.3
92 silly packumentCache full:https://registry.npmjs.org/@esbuild%2fwin32-ia32 cache-miss
93 http fetch GET 200 https://registry.npmjs.org/@esbuild%2flinux-arm 201ms (cache miss)
94 silly packumentCache full:https://registry.npmjs.org/@esbuild%2flinux-arm set size:undefined disposed:false
95 silly fetch manifest @esbuild/win32-x64@0.27.3
96 silly packumentCache full:https://registry.npmjs.org/@esbuild%2fwin32-x64 cache-miss
97 http fetch GET 200 https://registry.npmjs.org/@esbuild%2fdarwin-arm64 204ms (cache miss)
98 silly packumentCache full:https://registry.npmjs.org/@esbuild%2fdarwin-arm64 set size:undefined disposed:false
99 http fetch GET 200 https://registry.npmjs.org/@esbuild%2ffreebsd-x64 205ms (cache miss)
100 silly packumentCache full:https://registry.npmjs.org/@esbuild%2ffreebsd-x64 set size:undefined disposed:false
101 http fetch GET 200 https://registry.npmjs.org/@esbuild%2ffreebsd-arm64 206ms (cache miss)
102 silly packumentCache full:https://registry.npmjs.org/@esbuild%2ffreebsd-arm64 set size:undefined disposed:false
103 http fetch GET 200 https://registry.npmjs.org/@esbuild%2flinux-arm64 207ms (cache miss)
104 silly packumentCache full:https://registry.npmjs.org/@esbuild%2flinux-arm64 set size:undefined disposed:false
105 http fetch GET 200 https://registry.npmjs.org/@esbuild%2flinux-loong64 210ms (cache miss)
106 silly packumentCache full:https://registry.npmjs.org/@esbuild%2flinux-loong64 set size:undefined disposed:false
107 http fetch GET 200 https://registry.npmjs.org/@esbuild%2flinux-x64 93ms (cache miss)
108 silly packumentCache full:https://registry.npmjs.org/@esbuild%2flinux-x64 set size:undefined disposed:false
109 http fetch GET 200 https://registry.npmjs.org/@esbuild%2fnetbsd-x64 49ms (cache miss)
110 silly packumentCache full:https://registry.npmjs.org/@esbuild%2fnetbsd-x64 set size:undefined disposed:false
111 http fetch GET 200 https://registry.npmjs.org/@esbuild%2fopenharmony-arm64 45ms (cache miss)
112 silly packumentCache full:https://registry.npmjs.org/@esbuild%2fopenharmony-arm64 set size:undefined disposed:false
113 http fetch GET 200 https://registry.npmjs.org/@esbuild%2fopenbsd-x64 58ms (cache miss)
114 silly packumentCache full:https://registry.npmjs.org/@esbuild%2fopenbsd-x64 set size:undefined disposed:false
115 http fetch GET 200 https://registry.npmjs.org/@esbuild%2fopenbsd-arm64 66ms (cache miss)
116 silly packumentCache full:https://registry.npmjs.org/@esbuild%2fopenbsd-arm64 set size:undefined disposed:false
117 http fetch GET 200 https://registry.npmjs.org/@esbuild%2fwin32-ia32 60ms (cache miss)
118 silly packumentCache full:https://registry.npmjs.org/@esbuild%2fwin32-ia32 set size:undefined disposed:false
119 http fetch GET 200 https://registry.npmjs.org/@esbuild%2fwin32-arm64 67ms (cache miss)
120 silly packumentCache full:https://registry.npmjs.org/@esbuild%2fwin32-arm64 set size:undefined disposed:false
121 http fetch GET 200 https://registry.npmjs.org/@esbuild%2fwin32-x64 66ms (cache miss)
122 silly packumentCache full:https://registry.npmjs.org/@esbuild%2fwin32-x64 set size:undefined disposed:false
123 http fetch GET 200 https://registry.npmjs.org/@esbuild%2fsunos-x64 86ms (cache miss)
124 silly packumentCache full:https://registry.npmjs.org/@esbuild%2fsunos-x64 set size:undefined disposed:false
125 http fetch GET 200 https://registry.npmjs.org/@esbuild%2fnetbsd-arm64 160ms (cache miss)
126 silly packumentCache full:https://registry.npmjs.org/@esbuild%2fnetbsd-arm64 set size:undefined disposed:false
127 silly placeDep ROOT @esbuild/aix-ppc64@0.27.3 OK for: esbuild@0.27.3 want: 0.27.3
128 silly placeDep ROOT @esbuild/android-arm@0.27.3 OK for: esbuild@0.27.3 want: 0.27.3
129 silly placeDep ROOT @esbuild/android-arm64@0.27.3 OK for: esbuild@0.27.3 want: 0.27.3
130 silly placeDep ROOT @esbuild/android-x64@0.27.3 OK for: esbuild@0.27.3 want: 0.27.3
131 silly placeDep ROOT @esbuild/darwin-arm64@0.27.3 OK for: esbuild@0.27.3 want: 0.27.3
132 silly placeDep ROOT @esbuild/darwin-x64@0.27.3 OK for: esbuild@0.27.3 want: 0.27.3
133 silly placeDep ROOT @esbuild/freebsd-arm64@0.27.3 OK for: esbuild@0.27.3 want: 0.27.3
134 silly placeDep ROOT @esbuild/freebsd-x64@0.27.3 OK for: esbuild@0.27.3 want: 0.27.3
135 silly placeDep ROOT @esbuild/linux-arm@0.27.3 OK for: esbuild@0.27.3 want: 0.27.3
136 silly placeDep ROOT @esbuild/linux-arm64@0.27.3 OK for: esbuild@0.27.3 want: 0.27.3
137 silly placeDep ROOT @esbuild/linux-ia32@0.27.3 OK for: esbuild@0.27.3 want: 0.27.3
138 silly placeDep ROOT @esbuild/linux-loong64@0.27.3 OK for: esbuild@0.27.3 want: 0.27.3
139 silly placeDep ROOT @esbuild/linux-mips64el@0.27.3 OK for: esbuild@0.27.3 want: 0.27.3
140 silly placeDep ROOT @esbuild/linux-ppc64@0.27.3 OK for: esbuild@0.27.3 want: 0.27.3
141 silly placeDep ROOT @esbuild/linux-riscv64@0.27.3 OK for: esbuild@0.27.3 want: 0.27.3
142 silly placeDep ROOT @esbuild/linux-s390x@0.27.3 OK for: esbuild@0.27.3 want: 0.27.3
143 silly placeDep ROOT @esbuild/linux-x64@0.27.3 OK for: esbuild@0.27.3 want: 0.27.3
144 silly placeDep ROOT @esbuild/netbsd-arm64@0.27.3 OK for: esbuild@0.27.3 want: 0.27.3
145 silly placeDep ROOT @esbuild/netbsd-x64@0.27.3 OK for: esbuild@0.27.3 want: 0.27.3
146 silly placeDep ROOT @esbuild/openbsd-arm64@0.27.3 OK for: esbuild@0.27.3 want: 0.27.3
147 silly placeDep ROOT @esbuild/openbsd-x64@0.27.3 OK for: esbuild@0.27.3 want: 0.27.3
148 silly placeDep ROOT @esbuild/openharmony-arm64@0.27.3 OK for: esbuild@0.27.3 want: 0.27.3
149 silly placeDep ROOT @esbuild/sunos-x64@0.27.3 OK for: esbuild@0.27.3 want: 0.27.3
150 silly placeDep ROOT @esbuild/win32-arm64@0.27.3 OK for: esbuild@0.27.3 want: 0.27.3
151 silly placeDep ROOT @esbuild/win32-ia32@0.27.3 OK for: esbuild@0.27.3 want: 0.27.3
152 silly placeDep ROOT @esbuild/win32-x64@0.27.3 OK for: esbuild@0.27.3 want: 0.27.3
153 silly reify moves {}
154 silly audit bulk request {
154 silly audit   esbuild: [ '0.27.3' ],
154 silly audit   '@esbuild/aix-ppc64': [ '0.27.3' ],
154 silly audit   '@esbuild/android-arm': [ '0.27.3' ],
154 silly audit   '@esbuild/android-arm64': [ '0.27.3' ],
154 silly audit   '@esbuild/android-x64': [ '0.27.3' ],
154 silly audit   '@esbuild/darwin-arm64': [ '0.27.3' ],
154 silly audit   '@esbuild/darwin-x64': [ '0.27.3' ],
154 silly audit   '@esbuild/freebsd-arm64': [ '0.27.3' ],
154 silly audit   '@esbuild/freebsd-x64': [ '0.27.3' ],
154 silly audit   '@esbuild/linux-arm': [ '0.27.3' ],
154 silly audit   '@esbuild/linux-arm64': [ '0.27.3' ],
154 silly audit   '@esbuild/linux-ia32': [ '0.27.3' ],
154 silly audit   '@esbuild/linux-loong64': [ '0.27.3' ],
154 silly audit   '@esbuild/linux-mips64el': [ '0.27.3' ],
154 silly audit   '@esbuild/linux-ppc64': [ '0.27.3' ],
154 silly audit   '@esbuild/linux-riscv64': [ '0.27.3' ],
154 silly audit   '@esbuild/linux-s390x': [ '0.27.3' ],
154 silly audit   '@esbuild/linux-x64': [ '0.27.3' ],
154 silly audit   '@esbuild/netbsd-arm64': [ '0.27.3' ],
154 silly audit   '@esbuild/netbsd-x64': [ '0.27.3' ],
154 silly audit   '@esbuild/openbsd-arm64': [ '0.27.3' ],
154 silly audit   '@esbuild/openbsd-x64': [ '0.27.3' ],
154 silly audit   '@esbuild/openharmony-arm64': [ '0.27.3' ],
154 silly audit   '@esbuild/sunos-x64': [ '0.27.3' ],
154 silly audit   '@esbuild/win32-arm64': [ '0.27.3' ],
154 silly audit   '@esbuild/win32-ia32': [ '0.27.3' ],
154 silly audit   '@esbuild/win32-x64': [ '0.27.3' ]
154 silly audit }
155 http cache @esbuild/win32-x64@https://registry.npmjs.org/@esbuild/win32-x64/-/win32-x64-0.27.3.tgz 0ms (cache hit)
156 http cache esbuild@https://registry.npmjs.org/esbuild/-/esbuild-0.27.3.tgz 0ms (cache hit)
157 silly tarball no local data for @esbuild/win32-x64@https://registry.npmjs.org/@esbuild/win32-x64/-/win32-x64-0.27.3.tgz. Extracting by manifest.
158 silly tarball no local data for esbuild@https://registry.npmjs.org/esbuild/-/esbuild-0.27.3.tgz. Extracting by manifest.
159 http fetch GET 200 https://registry.npmjs.org/esbuild/-/esbuild-0.27.3.tgz 68ms (cache miss)
160 http fetch POST 200 https://registry.npmjs.org/-/npm/v1/security/advisories/bulk 183ms
161 silly audit report {}
162 http fetch GET 200 https://registry.npmjs.org/@esbuild/win32-x64/-/win32-x64-0.27.3.tgz 229ms (cache miss)
163 info run esbuild@0.27.3 postinstall node_modules/esbuild node install.js
164 info run esbuild@0.27.3 postinstall { code: 'EPERM', signal: undefined }
165 warn cleanup Failed to remove some directories [
165 warn cleanup   [
165 warn cleanup     '\\\\?\\C:\\Users\\noisy\\OneDrive\\Desktop\\Git-App\\VroidAI\\.npm-cache\\_npx\\beb367dfa21eb3f5\\node_modules',
165 warn cleanup     [Error: EPERM: operation not permitted, rmdir 'C:\Users\noisy\OneDrive\Desktop\Git-App\VroidAI\.npm-cache\_npx\beb367dfa21eb3f5\node_modules\@esbuild\win32-x64'] {
165 warn cleanup       errno: -4048,
165 warn cleanup       code: 'EPERM',
165 warn cleanup       syscall: 'rmdir',
165 warn cleanup       path: 'C:\\Users\\noisy\\OneDrive\\Desktop\\Git-App\\VroidAI\\.npm-cache\\_npx\\beb367dfa21eb3f5\\node_modules\\@esbuild\\win32-x64'
165 warn cleanup     }
165 warn cleanup   ]
165 warn cleanup ]
166 verbose stack Error: spawn EPERM
166 verbose stack     at ChildProcess.spawn (node:internal/child_process:421:11)
166 verbose stack     at spawn (node:child_process:796:9)
166 verbose stack     at promiseSpawn (C:\Program Files\nodejs\node_modules\npm\node_modules\@npmcli\promise-spawn\lib\index.js:39:16)
166 verbose stack     at spawnWithShell (C:\Program Files\nodejs\node_modules\npm\node_modules\@npmcli\promise-spawn\lib\index.js:124:10)
166 verbose stack     at promiseSpawn (C:\Program Files\nodejs\node_modules\npm\node_modules\@npmcli\promise-spawn\lib\index.js:12:12)
166 verbose stack     at runScriptPkg (C:\Program Files\nodejs\node_modules\npm\node_modules\@npmcli\run-script\lib\run-script-pkg.js:79:13)
166 verbose stack     at runScript (C:\Program Files\nodejs\node_modules\npm\node_modules\@npmcli\run-script\lib\run-script.js:9:12)
166 verbose stack     at C:\Program Files\nodejs\node_modules\npm\node_modules\@npmcli\arborist\lib\arborist\rebuild.js:332:17
166 verbose stack     at run (C:\Program Files\nodejs\node_modules\npm\node_modules\promise-call-limit\dist\commonjs\index.js:67:22)
166 verbose stack     at C:\Program Files\nodejs\node_modules\npm\node_modules\promise-call-limit\dist\commonjs\index.js:84:9
167 error code EPERM
168 error syscall spawn
169 error errno -4048
170 error Error: spawn EPERM
170 error     at ChildProcess.spawn (node:internal/child_process:421:11)
170 error     at spawn (node:child_process:796:9)
170 error     at promiseSpawn (C:\Program Files\nodejs\node_modules\npm\node_modules\@npmcli\promise-spawn\lib\index.js:39:16)
170 error     at spawnWithShell (C:\Program Files\nodejs\node_modules\npm\node_modules\@npmcli\promise-spawn\lib\index.js:124:10)
170 error     at promiseSpawn (C:\Program Files\nodejs\node_modules\npm\node_modules\@npmcli\promise-spawn\lib\index.js:12:12)
170 error     at runScriptPkg (C:\Program Files\nodejs\node_modules\npm\node_modules\@npmcli\run-script\lib\run-script-pkg.js:79:13)
170 error     at runScript (C:\Program Files\nodejs\node_modules\npm\node_modules\@npmcli\run-script\lib\run-script.js:9:12)
170 error     at C:\Program Files\nodejs\node_modules\npm\node_modules\@npmcli\arborist\lib\arborist\rebuild.js:332:17
170 error     at run (C:\Program Files\nodejs\node_modules\npm\node_modules\promise-call-limit\dist\commonjs\index.js:67:22)
170 error     at C:\Program Files\nodejs\node_modules\npm\node_modules\promise-call-limit\dist\commonjs\index.js:84:9 {
170 error   errno: -4048,
170 error   code: 'EPERM',
170 error   syscall: 'spawn'
170 error }
171 error
171 error The operation was rejected by your operating system.
171 error It's possible that the file was already in use (by a text editor or antivirus),
171 error or that you lack permissions to access it.
171 error
171 error If you believe this might be a permissions issue, please double-check the
171 error permissions of the file and its containing directories, or try running
171 error the command again as root/Administrator.
172 silly unfinished npm timer reify 1773319562202
173 silly unfinished npm timer reify:build 1773319562877
174 silly unfinished npm timer build 1773319562877
175 silly unfinished npm timer build:deps 1773319562877
176 silly unfinished npm timer build:run:postinstall 1773319562882
177 silly unfinished npm timer build:run:postinstall:node_modules/esbuild 1773319562882
178 verbose cwd C:\Users\noisy\OneDrive\Desktop\Git-App\VroidAI
179 verbose os Windows_NT 10.0.26200
180 verbose node v24.12.0
181 verbose npm  v11.6.2
182 verbose exit -4048
183 verbose code -4048
184 error A complete log of this run can be found in: C:\Users\noisy\OneDrive\Desktop\Git-App\VroidAI\.npm-cache\_logs\2026-03-12T12_46_01_378Z-debug-0.log
