0 verbose cli C:\Program Files\nodejs\node.exe C:\Program Files\nodejs\node_modules\npm\bin\npm-cli.js
1 info using npm@11.6.2
2 info using node@v24.12.0
3 silly config load:file:C:\Program Files\nodejs\node_modules\npm\npmrc
4 silly config load:file:C:\Users\noisy\OneDrive\Desktop\Git-App\VroidAI\.npmrc
5 silly config load:file:C:\Users\noisy\.npmrc
6 silly config load:file:C:\Users\noisy\AppData\Roaming\npm\etc\npmrc
7 verbose title npm exec esbuild viewer.entry.js --bundle --format=esm --outfile=viewer.js --log-level=error
8 verbose argv "exec" "--yes" "--cache" ".npm-cache" "--" "esbuild" "viewer.entry.js" "--bundle" "--format=esm" "--outfile=viewer.js" "--log-level=error"
9 verbose logfile logs-max:10 dir:C:\Users\noisy\OneDrive\Desktop\Git-App\VroidAI\.npm-cache\_logs\2026-03-12T12_48_14_102Z-
10 verbose logfile C:\Users\noisy\OneDrive\Desktop\Git-App\VroidAI\.npm-cache\_logs\2026-03-12T12_48_14_102Z-debug-0.log
11 silly logfile done cleaning log files
12 silly packumentCache heap:4496293888 maxSize:1124073472 maxEntrySize:562036736
13 http fetch GET 200 https://registry.npmjs.org/esbuild 144ms (cache revalidated)
14 silly packumentCache heap:4496293888 maxSize:1124073472 maxEntrySize:562036736
15 verbose Could not read global path C:\Users\noisy\AppData\Roaming\npm, ignoring
16 silly packumentCache heap:4496293888 maxSize:1124073472 maxEntrySize:562036736
17 verbose cwd C:\Users\noisy\OneDrive\Desktop\Git-App\VroidAI
18 verbose os Windows_NT 10.0.26200
19 verbose node v24.12.0
20 verbose npm  v11.6.2
21 verbose exit 0
22 info ok
